<?xml version="1.0" encoding="UTF-8"?>
<!-- Generated by org.testng.reporters.JUnitXMLReporter -->
<testsuite hostname="MohamedMurtuza" ignored="0" name="Parameterization" tests="10" failures="0" timestamp="24 May 2020 00:00:58 GMT" time="0.072" errors="0">
  <testcase name="dataTesting" time="0.005" classname="testing.Paramters"/>
  <testcase name="paramter" time="0.002" classname="testing.Paramters"/>
  <testcase name="LastDay" time="0.002" classname="mobileTestNG.Days"/>
  <testcase name="fifthDay" time="0.001" classname="mobileTestNG.Days"/>
  <testcase name="fifthDay" time="0.002" classname="mobileTestNG.Days"/>
  <testcase name="firstDay" time="0.001" classname="mobileTestNG.Days"/>
  <testcase name="ThirdDay" time="0.001" classname="mobileTestNG.Days"/>
  <testcase name="fourtDay" time="0.001" classname="mobileTestNG.Days"/>
  <testcase name="sixthDay" time="0.001" classname="mobileTestNG.Days"/>
  <testcase name="secondDay" time="0.001" classname="mobileTestNG.Days"/>
</testsuite> <!-- Parameterization -->
