<?xml version="1.0" encoding="UTF-8"?>
<!-- Generated by org.testng.reporters.JUnitXMLReporter -->
<testsuite hostname="MohamedMurtuza" ignored="0" name="Test" tests="18" failures="0" timestamp="24 May 2020 00:24:42 GMT" time="0.097" errors="0">
  <testcase name="mobileBrowse" time="0.007" classname="mobileTestNG.IncludeAndExclude"/>
  <testcase name="mobileLogin" time="0.002" classname="mobileTestNG.IncludeAndExclude"/>
  <testcase name="mobileLogin" time="0.003" classname="mobileTestNG.IncludeAndExclude"/>
  <testcase name="mobilenum" time="0.002" classname="mobileTestNG.IncludeAndExclude"/>
  <testcase name="mobilenum" time="0.002" classname="mobileTestNG.IncludeAndExclude"/>
  <testcase name="mobilenum" time="0.001" classname="mobileTestNG.IncludeAndExclude"/>
  <testcase name="mobilenum" time="0.002" classname="mobileTestNG.IncludeAndExclude"/>
  <testcase name="mobilenum" time="0.001" classname="mobileTestNG.IncludeAndExclude"/>
  <testcase name="webBrowse" time="0.001" classname="mobileTestNG.IncludeAndExclude"/>
  <testcase name="LastDay" time="0.001" classname="mobileTestNG.Days"/>
  <testcase name="fifthDay" time="0.002" classname="mobileTestNG.Days"/>
  <testcase name="fifthDay" time="0.0" classname="mobileTestNG.Days"/>
  <testcase name="firstDay" time="0.001" classname="mobileTestNG.Days"/>
  <testcase name="ThirdDay" time="0.001" classname="mobileTestNG.Days"/>
  <testcase name="fourtDay" time="0.001" classname="mobileTestNG.Days"/>
  <testcase name="sixthDay" time="0.001" classname="mobileTestNG.Days"/>
  <testcase name="secondDay" time="0.001" classname="mobileTestNG.Days"/>
  <testcase name="mobileLogOut" time="0.001" classname="mobileTestNG.IncludeAndExclude"/>
</testsuite> <!-- Test -->
