<?xml version="1.0" encoding="UTF-8"?>
<testng-results skipped="0" failed="0" ignored="0" total="1" passed="1">
  <reporter-output>
  </reporter-output>
  <suite name="Default suite" duration-ms="30910" started-at="2020-05-24T12:47:04Z" finished-at="2020-05-24T12:47:35Z">
    <groups>
    </groups>
    <test name="Default test" duration-ms="30910" started-at="2020-05-24T12:47:04Z" finished-at="2020-05-24T12:47:35Z">
      <class name="pageObject.LoginPage">
        <test-method status="PASS" signature="loginPage()[pri:0, instance:pageObject.LoginPage@5ad851c9]" name="loginPage" duration-ms="30873" started-at="2020-05-24T18:17:04Z" finished-at="2020-05-24T18:17:35Z">
          <reporter-output>
          </reporter-output>
        </test-method> <!-- loginPage -->
      </class> <!-- pageObject.LoginPage -->
    </test> <!-- Default test -->
  </suite> <!-- Default suite -->
</testng-results>
