<?xml version="1.0" encoding="UTF-8"?>
<testng-results ignored="0" total="1" passed="1" failed="0" skipped="0">
  <reporter-output>
  </reporter-output>
  <suite started-at="2020-05-24T15:39:45Z" name="Default suite" finished-at="2020-05-24T15:40:19Z" duration-ms="34421">
    <groups>
    </groups>
    <test started-at="2020-05-24T15:39:45Z" name="Default test" finished-at="2020-05-24T15:40:19Z" duration-ms="34421">
      <class name="pageObject.LoginPage">
        <test-method signature="loginPage()[pri:0, instance:pageObject.LoginPage@1a942c18]" started-at="2020-05-24T21:09:45Z" name="loginPage" finished-at="2020-05-24T21:10:19Z" duration-ms="34396" status="PASS">
          <reporter-output>
          </reporter-output>
        </test-method> <!-- loginPage -->
      </class> <!-- pageObject.LoginPage -->
    </test> <!-- Default test -->
  </suite> <!-- Default suite -->
</testng-results>
